<?xml version="1.0" encoding="UTF-8"?>
<!-- Generated by org.testng.reporters.JUnitReportReporter -->
<testsuite hostname="DESKTOP-NR5VELG" failures="0" tests="2" name="testNGProject.TestNGTestCase" time="0.150" errors="0" timestamp="23 May 2021 22:12:46 GMT" skipped="0">
  <testcase classname="testNGProject.TestNGTestCase" name="verifyFreeCRMLogoTest" time="0.135"/>
  <testcase classname="testNGProject.TestNGTestCase" name="verifyPageTitleTest" time="0.015"/>
</testsuite> <!-- testNGProject.TestNGTestCase -->
