<?xml version="1.0" encoding="UTF-8"?>
<!-- Generated by org.testng.reporters.JUnitReportReporter -->
<testsuite hostname="DESKTOP-NR5VELG" failures="0" tests="1" name="testNGProject.BlurOrRed" time="5.175" errors="0" timestamp="06 Jun 2021 13:28:50 GMT" skipped="0">
  <testcase classname="testNGProject.BlurOrRed" name="setUp" time="5.175"/>
</testsuite> <!-- testNGProject.BlurOrRed -->
