<?xml version="1.0" encoding="UTF-8"?>
<!-- Generated by org.testng.reporters.JUnitReportReporter -->
<testsuite hostname="DESKTOP-NR5VELG" failures="0" tests="1" name="wordpressMyProfile.MyProfileTestCase2" time="5.043" errors="0" timestamp="06 Jun 2021 14:41:51 GMT" skipped="0">
  <testcase classname="wordpressMyProfile.MyProfileTestCase2" name="setUp" time="5.043"/>
</testsuite> <!-- wordpressMyProfile.MyProfileTestCase2 -->
