<?xml version="1.0" encoding="UTF-8"?>
<!-- Generated by org.testng.reporters.JUnitReportReporter -->
<testsuite hostname="DESKTOP-NR5VELG" failures="0" tests="1" name="wordpressMyProfile.MyProfileTestCase3" time="6.043" errors="0" timestamp="06 Jun 2021 15:19:33 GMT" skipped="0">
  <testcase classname="wordpressMyProfile.MyProfileTestCase3" name="setUp" time="6.043"/>
</testsuite> <!-- wordpressMyProfile.MyProfileTestCase3 -->
