<?xml version="1.0" encoding="UTF-8"?>
<!-- Generated by org.testng.reporters.JUnitReportReporter -->
<testsuite hostname="DESKTOP-NR5VELG" failures="0" tests="1" name="wordpressMyProfile.MyProfileTestCases" time="7.993" errors="0" timestamp="05 Jun 2021 17:32:43 GMT" skipped="0">
  <testcase classname="wordpressMyProfile.MyProfileTestCases" name="setUp" time="7.993"/>
</testsuite> <!-- wordpressMyProfile.MyProfileTestCases -->
